<?xml version="1.0" encoding="UTF-8"?>
<testng-results ignored="0" total="1" passed="1" failed="0" skipped="0">
  <reporter-output>
  </reporter-output>
  <suite started-at="2023-02-20T21:37:53 IST" name="Default suite" finished-at="2023-02-20T21:37:54 IST" duration-ms="184">
    <groups>
    </groups>
    <test started-at="2023-02-20T21:37:53 IST" name="Default test" finished-at="2023-02-20T21:37:54 IST" duration-ms="184">
      <class name="Project_Amazon.com.Amazon.Runner">
        <test-method signature="browserLaunch()[pri:0, instance:Project_Amazon.com.Amazon.Runner@66d3eec0]" started-at="2023-02-20T21:37:54 IST" name="browserLaunch" finished-at="2023-02-20T21:37:54 IST" duration-ms="16" status="PASS">
          <reporter-output>
          </reporter-output>
        </test-method> <!-- browserLaunch -->
      </class> <!-- Project_Amazon.com.Amazon.Runner -->
    </test> <!-- Default test -->
  </suite> <!-- Default suite -->
</testng-results>
